2018-05-23 21:53:09,358 - Log4JLogChute initialized using file 'velocity.log'
2018-05-23 21:53:09,358 - Initializing Velocity, Calling init()...
2018-05-23 21:53:09,358 - Starting Apache Velocity v1.7 (compiled: 2010-11-19 12:14:37)
2018-05-23 21:53:09,358 - Default Properties File: org\apache\velocity\runtime\defaults\velocity.properties
2018-05-23 21:53:09,358 - Trying to use logger class org.apache.velocity.runtime.log.AvalonLogChute
2018-05-23 21:53:09,359 - Target log system for org.apache.velocity.runtime.log.AvalonLogChute is not available (java.lang.NoClassDefFoundError: org/apache/log/format/Formatter).  Falling back to next log system...
2018-05-23 21:53:09,359 - Trying to use logger class org.apache.velocity.runtime.log.Log4JLogChute
2018-05-23 21:53:09,359 - Using logger class org.apache.velocity.runtime.log.Log4JLogChute
2018-05-23 21:53:09,365 - ResourceLoader instantiated: org.apache.velocity.runtime.resource.loader.ClasspathResourceLoader
2018-05-23 21:53:09,384 - ResourceCache: initialized (class org.apache.velocity.runtime.resource.ResourceCacheImpl) with class java.util.Collections$SynchronizedMap cache map.
2018-05-23 21:53:09,386 - Loaded System Directive: org.apache.velocity.runtime.directive.Stop
2018-05-23 21:53:09,389 - Loaded System Directive: org.apache.velocity.runtime.directive.Define
2018-05-23 21:53:09,390 - Loaded System Directive: org.apache.velocity.runtime.directive.Break
2018-05-23 21:53:09,391 - Loaded System Directive: org.apache.velocity.runtime.directive.Evaluate
2018-05-23 21:53:09,393 - Loaded System Directive: org.apache.velocity.runtime.directive.Literal
2018-05-23 21:53:09,395 - Loaded System Directive: org.apache.velocity.runtime.directive.Macro
2018-05-23 21:53:09,397 - Loaded System Directive: org.apache.velocity.runtime.directive.Parse
2018-05-23 21:53:09,399 - Loaded System Directive: org.apache.velocity.runtime.directive.Include
2018-05-23 21:53:09,400 - Loaded System Directive: org.apache.velocity.runtime.directive.Foreach
2018-05-23 21:53:09,436 - Created '20' parsers.
2018-05-23 21:53:09,443 - Velocimacro : "velocimacro.library" is not set.  Trying default library: VM_global_library.vm
2018-05-23 21:53:09,444 - Could not load resource 'VM_global_library.vm' from ResourceLoader org.apache.velocity.runtime.resource.loader.ClasspathResourceLoader: ClasspathResourceLoader Error: cannot find resource VM_global_library.vm
2018-05-23 21:53:09,444 - Velocimacro : Default library not found.
2018-05-23 21:53:09,444 - Velocimacro : allowInline = true : VMs can be defined inline in templates
2018-05-23 21:53:09,444 - Velocimacro : allowInlineToOverride = false : VMs defined inline may NOT replace previous VM definitions
2018-05-23 21:53:09,444 - Velocimacro : allowInlineLocal = false : VMs defined inline will be global in scope if allowed.
2018-05-23 21:53:09,444 - Velocimacro : autoload off : VM system will not automatically reload global library macros
2018-05-23 21:53:09,479 - ResourceManager : found /templates/entity.java.vm with loader org.apache.velocity.runtime.resource.loader.ClasspathResourceLoader
2018-05-23 21:53:09,492 - Left side (${versionFieldName}) of '==' operation has null value. If it is a reference, it may not be in the context or its toString() returned null. /templates/entity.java.vm[line 76, column 26]
2018-05-23 21:53:09,492 - Left side (${logicDeleteFieldName}) of '==' operation has null value. If it is a reference, it may not be in the context or its toString() returned null. /templates/entity.java.vm[line 80, column 30]
2018-05-23 21:53:09,492 - Left side (${versionFieldName}) of '==' operation has null value. If it is a reference, it may not be in the context or its toString() returned null. /templates/entity.java.vm[line 76, column 26]
2018-05-23 21:53:09,492 - Left side (${logicDeleteFieldName}) of '==' operation has null value. If it is a reference, it may not be in the context or its toString() returned null. /templates/entity.java.vm[line 80, column 30]
2018-05-23 21:53:09,492 - Left side (${versionFieldName}) of '==' operation has null value. If it is a reference, it may not be in the context or its toString() returned null. /templates/entity.java.vm[line 76, column 26]
2018-05-23 21:53:09,493 - Left side (${logicDeleteFieldName}) of '==' operation has null value. If it is a reference, it may not be in the context or its toString() returned null. /templates/entity.java.vm[line 80, column 30]
2018-05-23 21:53:09,493 - Left side (${versionFieldName}) of '==' operation has null value. If it is a reference, it may not be in the context or its toString() returned null. /templates/entity.java.vm[line 76, column 26]
2018-05-23 21:53:09,493 - Left side (${logicDeleteFieldName}) of '==' operation has null value. If it is a reference, it may not be in the context or its toString() returned null. /templates/entity.java.vm[line 80, column 30]
2018-05-23 21:53:09,493 - Left side (${versionFieldName}) of '==' operation has null value. If it is a reference, it may not be in the context or its toString() returned null. /templates/entity.java.vm[line 76, column 26]
2018-05-23 21:53:09,493 - Left side (${logicDeleteFieldName}) of '==' operation has null value. If it is a reference, it may not be in the context or its toString() returned null. /templates/entity.java.vm[line 80, column 30]
2018-05-23 21:53:09,493 - Left side (${versionFieldName}) of '==' operation has null value. If it is a reference, it may not be in the context or its toString() returned null. /templates/entity.java.vm[line 76, column 26]
2018-05-23 21:53:09,493 - Left side (${logicDeleteFieldName}) of '==' operation has null value. If it is a reference, it may not be in the context or its toString() returned null. /templates/entity.java.vm[line 80, column 30]
2018-05-23 21:53:09,493 - Left side (${versionFieldName}) of '==' operation has null value. If it is a reference, it may not be in the context or its toString() returned null. /templates/entity.java.vm[line 76, column 26]
2018-05-23 21:53:09,493 - Left side (${logicDeleteFieldName}) of '==' operation has null value. If it is a reference, it may not be in the context or its toString() returned null. /templates/entity.java.vm[line 80, column 30]
2018-05-23 21:53:09,494 - Left side (${versionFieldName}) of '==' operation has null value. If it is a reference, it may not be in the context or its toString() returned null. /templates/entity.java.vm[line 76, column 26]
2018-05-23 21:53:09,494 - Left side (${logicDeleteFieldName}) of '==' operation has null value. If it is a reference, it may not be in the context or its toString() returned null. /templates/entity.java.vm[line 80, column 30]
2018-05-23 21:53:09,505 - ResourceManager : found /templates/mapper.java.vm with loader org.apache.velocity.runtime.resource.loader.ClasspathResourceLoader
2018-05-23 21:53:09,510 - ResourceManager : found /templates/mapper.xml.vm with loader org.apache.velocity.runtime.resource.loader.ClasspathResourceLoader
2018-05-23 21:53:09,515 - ResourceManager : found /templates/service.java.vm with loader org.apache.velocity.runtime.resource.loader.ClasspathResourceLoader
2018-05-23 21:53:09,518 - ResourceManager : found /templates/serviceImpl.java.vm with loader org.apache.velocity.runtime.resource.loader.ClasspathResourceLoader
2018-05-23 21:53:09,522 - ResourceManager : found /templates/controller.java.vm with loader org.apache.velocity.runtime.resource.loader.ClasspathResourceLoader
2018-05-23 21:58:15,580 - Log4JLogChute initialized using file 'velocity.log'
2018-05-23 21:58:15,580 - Log4JLogChute initialized using file 'velocity.log'
2018-05-23 21:58:15,581 - Initializing Velocity, Calling init()...
2018-05-23 21:58:15,581 - Initializing Velocity, Calling init()...
2018-05-23 21:58:15,581 - Starting Apache Velocity v1.7 (compiled: 2010-11-19 12:14:37)
2018-05-23 21:58:15,581 - Starting Apache Velocity v1.7 (compiled: 2010-11-19 12:14:37)
2018-05-23 21:58:15,581 - Default Properties File: org\apache\velocity\runtime\defaults\velocity.properties
2018-05-23 21:58:15,581 - Default Properties File: org\apache\velocity\runtime\defaults\velocity.properties
2018-05-23 21:58:15,581 - Trying to use logger class org.apache.velocity.runtime.log.AvalonLogChute
2018-05-23 21:58:15,581 - Trying to use logger class org.apache.velocity.runtime.log.AvalonLogChute
2018-05-23 21:58:15,581 - Target log system for org.apache.velocity.runtime.log.AvalonLogChute is not available (java.lang.NoClassDefFoundError: org/apache/log/format/Formatter).  Falling back to next log system...
2018-05-23 21:58:15,581 - Target log system for org.apache.velocity.runtime.log.AvalonLogChute is not available (java.lang.NoClassDefFoundError: org/apache/log/format/Formatter).  Falling back to next log system...
2018-05-23 21:58:15,581 - Trying to use logger class org.apache.velocity.runtime.log.Log4JLogChute
2018-05-23 21:58:15,581 - Trying to use logger class org.apache.velocity.runtime.log.Log4JLogChute
2018-05-23 21:58:15,581 - Using logger class org.apache.velocity.runtime.log.Log4JLogChute
2018-05-23 21:58:15,581 - Using logger class org.apache.velocity.runtime.log.Log4JLogChute
2018-05-23 21:58:15,581 - ResourceLoader instantiated: org.apache.velocity.runtime.resource.loader.ClasspathResourceLoader
2018-05-23 21:58:15,581 - ResourceLoader instantiated: org.apache.velocity.runtime.resource.loader.ClasspathResourceLoader
2018-05-23 21:58:15,581 - ResourceCache: initialized (class org.apache.velocity.runtime.resource.ResourceCacheImpl) with class java.util.Collections$SynchronizedMap cache map.
2018-05-23 21:58:15,581 - ResourceCache: initialized (class org.apache.velocity.runtime.resource.ResourceCacheImpl) with class java.util.Collections$SynchronizedMap cache map.
2018-05-23 21:58:15,582 - Loaded System Directive: org.apache.velocity.runtime.directive.Stop
2018-05-23 21:58:15,582 - Loaded System Directive: org.apache.velocity.runtime.directive.Stop
2018-05-23 21:58:15,582 - Loaded System Directive: org.apache.velocity.runtime.directive.Define
2018-05-23 21:58:15,582 - Loaded System Directive: org.apache.velocity.runtime.directive.Define
2018-05-23 21:58:15,582 - Loaded System Directive: org.apache.velocity.runtime.directive.Break
2018-05-23 21:58:15,582 - Loaded System Directive: org.apache.velocity.runtime.directive.Break
2018-05-23 21:58:15,582 - Loaded System Directive: org.apache.velocity.runtime.directive.Evaluate
2018-05-23 21:58:15,582 - Loaded System Directive: org.apache.velocity.runtime.directive.Evaluate
2018-05-23 21:58:15,582 - Loaded System Directive: org.apache.velocity.runtime.directive.Literal
2018-05-23 21:58:15,582 - Loaded System Directive: org.apache.velocity.runtime.directive.Literal
2018-05-23 21:58:15,582 - Loaded System Directive: org.apache.velocity.runtime.directive.Macro
2018-05-23 21:58:15,582 - Loaded System Directive: org.apache.velocity.runtime.directive.Macro
2018-05-23 21:58:15,582 - Loaded System Directive: org.apache.velocity.runtime.directive.Parse
2018-05-23 21:58:15,582 - Loaded System Directive: org.apache.velocity.runtime.directive.Parse
2018-05-23 21:58:15,582 - Loaded System Directive: org.apache.velocity.runtime.directive.Include
2018-05-23 21:58:15,582 - Loaded System Directive: org.apache.velocity.runtime.directive.Include
2018-05-23 21:58:15,582 - Loaded System Directive: org.apache.velocity.runtime.directive.Foreach
2018-05-23 21:58:15,582 - Loaded System Directive: org.apache.velocity.runtime.directive.Foreach
2018-05-23 21:58:15,583 - Created '20' parsers.
2018-05-23 21:58:15,583 - Created '20' parsers.
2018-05-23 21:58:15,583 - Velocimacro : "velocimacro.library" is not set.  Trying default library: VM_global_library.vm
2018-05-23 21:58:15,583 - Velocimacro : "velocimacro.library" is not set.  Trying default library: VM_global_library.vm
2018-05-23 21:58:15,584 - Could not load resource 'VM_global_library.vm' from ResourceLoader org.apache.velocity.runtime.resource.loader.ClasspathResourceLoader: ClasspathResourceLoader Error: cannot find resource VM_global_library.vm
2018-05-23 21:58:15,584 - Could not load resource 'VM_global_library.vm' from ResourceLoader org.apache.velocity.runtime.resource.loader.ClasspathResourceLoader: ClasspathResourceLoader Error: cannot find resource VM_global_library.vm
2018-05-23 21:58:15,584 - Velocimacro : Default library not found.
2018-05-23 21:58:15,584 - Velocimacro : Default library not found.
2018-05-23 21:58:15,585 - Velocimacro : allowInline = true : VMs can be defined inline in templates
2018-05-23 21:58:15,585 - Velocimacro : allowInline = true : VMs can be defined inline in templates
2018-05-23 21:58:15,585 - Velocimacro : allowInlineToOverride = false : VMs defined inline may NOT replace previous VM definitions
2018-05-23 21:58:15,585 - Velocimacro : allowInlineToOverride = false : VMs defined inline may NOT replace previous VM definitions
2018-05-23 21:58:15,585 - Velocimacro : allowInlineLocal = false : VMs defined inline will be global in scope if allowed.
2018-05-23 21:58:15,585 - Velocimacro : allowInlineLocal = false : VMs defined inline will be global in scope if allowed.
2018-05-23 21:58:15,585 - Velocimacro : autoload off : VM system will not automatically reload global library macros
2018-05-23 21:58:15,585 - Velocimacro : autoload off : VM system will not automatically reload global library macros
2018-05-23 21:58:15,589 - ResourceManager : found /templates/entity.java.vm with loader org.apache.velocity.runtime.resource.loader.ClasspathResourceLoader
2018-05-23 21:58:15,589 - ResourceManager : found /templates/entity.java.vm with loader org.apache.velocity.runtime.resource.loader.ClasspathResourceLoader
2018-05-23 21:58:15,592 - Left side (${versionFieldName}) of '==' operation has null value. If it is a reference, it may not be in the context or its toString() returned null. /templates/entity.java.vm[line 76, column 26]
2018-05-23 21:58:15,592 - Left side (${versionFieldName}) of '==' operation has null value. If it is a reference, it may not be in the context or its toString() returned null. /templates/entity.java.vm[line 76, column 26]
2018-05-23 21:58:15,593 - Left side (${logicDeleteFieldName}) of '==' operation has null value. If it is a reference, it may not be in the context or its toString() returned null. /templates/entity.java.vm[line 80, column 30]
2018-05-23 21:58:15,593 - Left side (${logicDeleteFieldName}) of '==' operation has null value. If it is a reference, it may not be in the context or its toString() returned null. /templates/entity.java.vm[line 80, column 30]
2018-05-23 21:58:15,593 - Left side (${versionFieldName}) of '==' operation has null value. If it is a reference, it may not be in the context or its toString() returned null. /templates/entity.java.vm[line 76, column 26]
2018-05-23 21:58:15,593 - Left side (${versionFieldName}) of '==' operation has null value. If it is a reference, it may not be in the context or its toString() returned null. /templates/entity.java.vm[line 76, column 26]
2018-05-23 21:58:15,593 - Left side (${logicDeleteFieldName}) of '==' operation has null value. If it is a reference, it may not be in the context or its toString() returned null. /templates/entity.java.vm[line 80, column 30]
2018-05-23 21:58:15,593 - Left side (${logicDeleteFieldName}) of '==' operation has null value. If it is a reference, it may not be in the context or its toString() returned null. /templates/entity.java.vm[line 80, column 30]
2018-05-23 21:58:15,593 - Left side (${versionFieldName}) of '==' operation has null value. If it is a reference, it may not be in the context or its toString() returned null. /templates/entity.java.vm[line 76, column 26]
2018-05-23 21:58:15,593 - Left side (${versionFieldName}) of '==' operation has null value. If it is a reference, it may not be in the context or its toString() returned null. /templates/entity.java.vm[line 76, column 26]
2018-05-23 21:58:15,593 - Left side (${logicDeleteFieldName}) of '==' operation has null value. If it is a reference, it may not be in the context or its toString() returned null. /templates/entity.java.vm[line 80, column 30]
2018-05-23 21:58:15,593 - Left side (${logicDeleteFieldName}) of '==' operation has null value. If it is a reference, it may not be in the context or its toString() returned null. /templates/entity.java.vm[line 80, column 30]
2018-05-23 21:58:15,593 - Left side (${versionFieldName}) of '==' operation has null value. If it is a reference, it may not be in the context or its toString() returned null. /templates/entity.java.vm[line 76, column 26]
2018-05-23 21:58:15,593 - Left side (${versionFieldName}) of '==' operation has null value. If it is a reference, it may not be in the context or its toString() returned null. /templates/entity.java.vm[line 76, column 26]
2018-05-23 21:58:15,593 - Left side (${logicDeleteFieldName}) of '==' operation has null value. If it is a reference, it may not be in the context or its toString() returned null. /templates/entity.java.vm[line 80, column 30]
2018-05-23 21:58:15,593 - Left side (${logicDeleteFieldName}) of '==' operation has null value. If it is a reference, it may not be in the context or its toString() returned null. /templates/entity.java.vm[line 80, column 30]
2018-05-23 21:58:15,593 - Left side (${versionFieldName}) of '==' operation has null value. If it is a reference, it may not be in the context or its toString() returned null. /templates/entity.java.vm[line 76, column 26]
2018-05-23 21:58:15,593 - Left side (${versionFieldName}) of '==' operation has null value. If it is a reference, it may not be in the context or its toString() returned null. /templates/entity.java.vm[line 76, column 26]
2018-05-23 21:58:15,593 - Left side (${logicDeleteFieldName}) of '==' operation has null value. If it is a reference, it may not be in the context or its toString() returned null. /templates/entity.java.vm[line 80, column 30]
2018-05-23 21:58:15,593 - Left side (${logicDeleteFieldName}) of '==' operation has null value. If it is a reference, it may not be in the context or its toString() returned null. /templates/entity.java.vm[line 80, column 30]
2018-05-23 21:58:15,593 - Left side (${versionFieldName}) of '==' operation has null value. If it is a reference, it may not be in the context or its toString() returned null. /templates/entity.java.vm[line 76, column 26]
2018-05-23 21:58:15,593 - Left side (${versionFieldName}) of '==' operation has null value. If it is a reference, it may not be in the context or its toString() returned null. /templates/entity.java.vm[line 76, column 26]
2018-05-23 21:58:15,593 - Left side (${logicDeleteFieldName}) of '==' operation has null value. If it is a reference, it may not be in the context or its toString() returned null. /templates/entity.java.vm[line 80, column 30]
2018-05-23 21:58:15,593 - Left side (${logicDeleteFieldName}) of '==' operation has null value. If it is a reference, it may not be in the context or its toString() returned null. /templates/entity.java.vm[line 80, column 30]
2018-05-23 21:58:15,593 - Left side (${versionFieldName}) of '==' operation has null value. If it is a reference, it may not be in the context or its toString() returned null. /templates/entity.java.vm[line 76, column 26]
2018-05-23 21:58:15,593 - Left side (${versionFieldName}) of '==' operation has null value. If it is a reference, it may not be in the context or its toString() returned null. /templates/entity.java.vm[line 76, column 26]
2018-05-23 21:58:15,593 - Left side (${logicDeleteFieldName}) of '==' operation has null value. If it is a reference, it may not be in the context or its toString() returned null. /templates/entity.java.vm[line 80, column 30]
2018-05-23 21:58:15,593 - Left side (${logicDeleteFieldName}) of '==' operation has null value. If it is a reference, it may not be in the context or its toString() returned null. /templates/entity.java.vm[line 80, column 30]
2018-05-23 21:58:15,596 - ResourceManager : found /templates/mapper.java.vm with loader org.apache.velocity.runtime.resource.loader.ClasspathResourceLoader
2018-05-23 21:58:15,596 - ResourceManager : found /templates/mapper.java.vm with loader org.apache.velocity.runtime.resource.loader.ClasspathResourceLoader
2018-05-23 21:58:15,599 - ResourceManager : found /templates/mapper.xml.vm with loader org.apache.velocity.runtime.resource.loader.ClasspathResourceLoader
2018-05-23 21:58:15,599 - ResourceManager : found /templates/mapper.xml.vm with loader org.apache.velocity.runtime.resource.loader.ClasspathResourceLoader
2018-05-23 21:58:15,601 - ResourceManager : found /templates/service.java.vm with loader org.apache.velocity.runtime.resource.loader.ClasspathResourceLoader
2018-05-23 21:58:15,601 - ResourceManager : found /templates/service.java.vm with loader org.apache.velocity.runtime.resource.loader.ClasspathResourceLoader
2018-05-23 21:58:15,609 - ResourceManager : found /templates/serviceImpl.java.vm with loader org.apache.velocity.runtime.resource.loader.ClasspathResourceLoader
2018-05-23 21:58:15,609 - ResourceManager : found /templates/serviceImpl.java.vm with loader org.apache.velocity.runtime.resource.loader.ClasspathResourceLoader
2018-05-23 21:58:15,613 - ResourceManager : found /templates/controller.java.vm with loader org.apache.velocity.runtime.resource.loader.ClasspathResourceLoader
2018-05-23 21:58:15,613 - ResourceManager : found /templates/controller.java.vm with loader org.apache.velocity.runtime.resource.loader.ClasspathResourceLoader
2018-05-23 21:58:45,463 - Log4JLogChute initialized using file 'velocity.log'
2018-05-23 21:58:45,463 - Log4JLogChute initialized using file 'velocity.log'
2018-05-23 21:58:45,463 - Log4JLogChute initialized using file 'velocity.log'
2018-05-23 21:58:45,464 - Initializing Velocity, Calling init()...
2018-05-23 21:58:45,464 - Initializing Velocity, Calling init()...
2018-05-23 21:58:45,464 - Initializing Velocity, Calling init()...
2018-05-23 21:58:45,464 - Starting Apache Velocity v1.7 (compiled: 2010-11-19 12:14:37)
2018-05-23 21:58:45,464 - Starting Apache Velocity v1.7 (compiled: 2010-11-19 12:14:37)
2018-05-23 21:58:45,464 - Starting Apache Velocity v1.7 (compiled: 2010-11-19 12:14:37)
2018-05-23 21:58:45,464 - Default Properties File: org\apache\velocity\runtime\defaults\velocity.properties
2018-05-23 21:58:45,464 - Default Properties File: org\apache\velocity\runtime\defaults\velocity.properties
2018-05-23 21:58:45,464 - Default Properties File: org\apache\velocity\runtime\defaults\velocity.properties
2018-05-23 21:58:45,464 - Trying to use logger class org.apache.velocity.runtime.log.AvalonLogChute
2018-05-23 21:58:45,464 - Trying to use logger class org.apache.velocity.runtime.log.AvalonLogChute
2018-05-23 21:58:45,464 - Trying to use logger class org.apache.velocity.runtime.log.AvalonLogChute
2018-05-23 21:58:45,464 - Target log system for org.apache.velocity.runtime.log.AvalonLogChute is not available (java.lang.NoClassDefFoundError: org/apache/log/format/Formatter).  Falling back to next log system...
2018-05-23 21:58:45,464 - Target log system for org.apache.velocity.runtime.log.AvalonLogChute is not available (java.lang.NoClassDefFoundError: org/apache/log/format/Formatter).  Falling back to next log system...
2018-05-23 21:58:45,464 - Target log system for org.apache.velocity.runtime.log.AvalonLogChute is not available (java.lang.NoClassDefFoundError: org/apache/log/format/Formatter).  Falling back to next log system...
2018-05-23 21:58:45,464 - Trying to use logger class org.apache.velocity.runtime.log.Log4JLogChute
2018-05-23 21:58:45,464 - Trying to use logger class org.apache.velocity.runtime.log.Log4JLogChute
2018-05-23 21:58:45,464 - Trying to use logger class org.apache.velocity.runtime.log.Log4JLogChute
2018-05-23 21:58:45,464 - Using logger class org.apache.velocity.runtime.log.Log4JLogChute
2018-05-23 21:58:45,464 - Using logger class org.apache.velocity.runtime.log.Log4JLogChute
2018-05-23 21:58:45,464 - Using logger class org.apache.velocity.runtime.log.Log4JLogChute
2018-05-23 21:58:45,465 - ResourceLoader instantiated: org.apache.velocity.runtime.resource.loader.ClasspathResourceLoader
2018-05-23 21:58:45,465 - ResourceLoader instantiated: org.apache.velocity.runtime.resource.loader.ClasspathResourceLoader
2018-05-23 21:58:45,465 - ResourceLoader instantiated: org.apache.velocity.runtime.resource.loader.ClasspathResourceLoader
2018-05-23 21:58:45,465 - ResourceCache: initialized (class org.apache.velocity.runtime.resource.ResourceCacheImpl) with class java.util.Collections$SynchronizedMap cache map.
2018-05-23 21:58:45,465 - ResourceCache: initialized (class org.apache.velocity.runtime.resource.ResourceCacheImpl) with class java.util.Collections$SynchronizedMap cache map.
2018-05-23 21:58:45,465 - ResourceCache: initialized (class org.apache.velocity.runtime.resource.ResourceCacheImpl) with class java.util.Collections$SynchronizedMap cache map.
2018-05-23 21:58:45,465 - Loaded System Directive: org.apache.velocity.runtime.directive.Stop
2018-05-23 21:58:45,465 - Loaded System Directive: org.apache.velocity.runtime.directive.Stop
2018-05-23 21:58:45,465 - Loaded System Directive: org.apache.velocity.runtime.directive.Stop
2018-05-23 21:58:45,465 - Loaded System Directive: org.apache.velocity.runtime.directive.Define
2018-05-23 21:58:45,465 - Loaded System Directive: org.apache.velocity.runtime.directive.Define
2018-05-23 21:58:45,465 - Loaded System Directive: org.apache.velocity.runtime.directive.Define
2018-05-23 21:58:45,466 - Loaded System Directive: org.apache.velocity.runtime.directive.Break
2018-05-23 21:58:45,466 - Loaded System Directive: org.apache.velocity.runtime.directive.Break
2018-05-23 21:58:45,466 - Loaded System Directive: org.apache.velocity.runtime.directive.Break
2018-05-23 21:58:45,466 - Loaded System Directive: org.apache.velocity.runtime.directive.Evaluate
2018-05-23 21:58:45,466 - Loaded System Directive: org.apache.velocity.runtime.directive.Evaluate
2018-05-23 21:58:45,466 - Loaded System Directive: org.apache.velocity.runtime.directive.Evaluate
2018-05-23 21:58:45,466 - Loaded System Directive: org.apache.velocity.runtime.directive.Literal
2018-05-23 21:58:45,466 - Loaded System Directive: org.apache.velocity.runtime.directive.Literal
2018-05-23 21:58:45,466 - Loaded System Directive: org.apache.velocity.runtime.directive.Literal
2018-05-23 21:58:45,466 - Loaded System Directive: org.apache.velocity.runtime.directive.Macro
2018-05-23 21:58:45,466 - Loaded System Directive: org.apache.velocity.runtime.directive.Macro
2018-05-23 21:58:45,466 - Loaded System Directive: org.apache.velocity.runtime.directive.Macro
2018-05-23 21:58:45,466 - Loaded System Directive: org.apache.velocity.runtime.directive.Parse
2018-05-23 21:58:45,466 - Loaded System Directive: org.apache.velocity.runtime.directive.Parse
2018-05-23 21:58:45,466 - Loaded System Directive: org.apache.velocity.runtime.directive.Parse
2018-05-23 21:58:45,466 - Loaded System Directive: org.apache.velocity.runtime.directive.Include
2018-05-23 21:58:45,466 - Loaded System Directive: org.apache.velocity.runtime.directive.Include
2018-05-23 21:58:45,466 - Loaded System Directive: org.apache.velocity.runtime.directive.Include
2018-05-23 21:58:45,466 - Loaded System Directive: org.apache.velocity.runtime.directive.Foreach
2018-05-23 21:58:45,466 - Loaded System Directive: org.apache.velocity.runtime.directive.Foreach
2018-05-23 21:58:45,466 - Loaded System Directive: org.apache.velocity.runtime.directive.Foreach
2018-05-23 21:58:45,467 - Created '20' parsers.
2018-05-23 21:58:45,467 - Created '20' parsers.
2018-05-23 21:58:45,467 - Created '20' parsers.
2018-05-23 21:58:45,468 - Velocimacro : "velocimacro.library" is not set.  Trying default library: VM_global_library.vm
2018-05-23 21:58:45,468 - Velocimacro : "velocimacro.library" is not set.  Trying default library: VM_global_library.vm
2018-05-23 21:58:45,468 - Velocimacro : "velocimacro.library" is not set.  Trying default library: VM_global_library.vm
2018-05-23 21:58:45,471 - Could not load resource 'VM_global_library.vm' from ResourceLoader org.apache.velocity.runtime.resource.loader.ClasspathResourceLoader: ClasspathResourceLoader Error: cannot find resource VM_global_library.vm
2018-05-23 21:58:45,471 - Could not load resource 'VM_global_library.vm' from ResourceLoader org.apache.velocity.runtime.resource.loader.ClasspathResourceLoader: ClasspathResourceLoader Error: cannot find resource VM_global_library.vm
2018-05-23 21:58:45,471 - Could not load resource 'VM_global_library.vm' from ResourceLoader org.apache.velocity.runtime.resource.loader.ClasspathResourceLoader: ClasspathResourceLoader Error: cannot find resource VM_global_library.vm
2018-05-23 21:58:45,471 - Velocimacro : Default library not found.
2018-05-23 21:58:45,471 - Velocimacro : Default library not found.
2018-05-23 21:58:45,471 - Velocimacro : Default library not found.
2018-05-23 21:58:45,471 - Velocimacro : allowInline = true : VMs can be defined inline in templates
2018-05-23 21:58:45,471 - Velocimacro : allowInline = true : VMs can be defined inline in templates
2018-05-23 21:58:45,471 - Velocimacro : allowInline = true : VMs can be defined inline in templates
2018-05-23 21:58:45,471 - Velocimacro : allowInlineToOverride = false : VMs defined inline may NOT replace previous VM definitions
2018-05-23 21:58:45,471 - Velocimacro : allowInlineToOverride = false : VMs defined inline may NOT replace previous VM definitions
2018-05-23 21:58:45,471 - Velocimacro : allowInlineToOverride = false : VMs defined inline may NOT replace previous VM definitions
2018-05-23 21:58:45,471 - Velocimacro : allowInlineLocal = false : VMs defined inline will be global in scope if allowed.
2018-05-23 21:58:45,471 - Velocimacro : allowInlineLocal = false : VMs defined inline will be global in scope if allowed.
2018-05-23 21:58:45,471 - Velocimacro : allowInlineLocal = false : VMs defined inline will be global in scope if allowed.
2018-05-23 21:58:45,471 - Velocimacro : autoload off : VM system will not automatically reload global library macros
2018-05-23 21:58:45,471 - Velocimacro : autoload off : VM system will not automatically reload global library macros
2018-05-23 21:58:45,471 - Velocimacro : autoload off : VM system will not automatically reload global library macros
2018-05-23 21:58:45,477 - ResourceManager : found /templates/entity.java.vm with loader org.apache.velocity.runtime.resource.loader.ClasspathResourceLoader
2018-05-23 21:58:45,477 - ResourceManager : found /templates/entity.java.vm with loader org.apache.velocity.runtime.resource.loader.ClasspathResourceLoader
2018-05-23 21:58:45,477 - ResourceManager : found /templates/entity.java.vm with loader org.apache.velocity.runtime.resource.loader.ClasspathResourceLoader
2018-05-23 21:58:45,480 - Left side (${versionFieldName}) of '==' operation has null value. If it is a reference, it may not be in the context or its toString() returned null. /templates/entity.java.vm[line 76, column 26]
2018-05-23 21:58:45,480 - Left side (${versionFieldName}) of '==' operation has null value. If it is a reference, it may not be in the context or its toString() returned null. /templates/entity.java.vm[line 76, column 26]
2018-05-23 21:58:45,480 - Left side (${versionFieldName}) of '==' operation has null value. If it is a reference, it may not be in the context or its toString() returned null. /templates/entity.java.vm[line 76, column 26]
2018-05-23 21:58:45,480 - Left side (${logicDeleteFieldName}) of '==' operation has null value. If it is a reference, it may not be in the context or its toString() returned null. /templates/entity.java.vm[line 80, column 30]
2018-05-23 21:58:45,480 - Left side (${logicDeleteFieldName}) of '==' operation has null value. If it is a reference, it may not be in the context or its toString() returned null. /templates/entity.java.vm[line 80, column 30]
2018-05-23 21:58:45,480 - Left side (${logicDeleteFieldName}) of '==' operation has null value. If it is a reference, it may not be in the context or its toString() returned null. /templates/entity.java.vm[line 80, column 30]
2018-05-23 21:58:45,481 - Left side (${versionFieldName}) of '==' operation has null value. If it is a reference, it may not be in the context or its toString() returned null. /templates/entity.java.vm[line 76, column 26]
2018-05-23 21:58:45,481 - Left side (${versionFieldName}) of '==' operation has null value. If it is a reference, it may not be in the context or its toString() returned null. /templates/entity.java.vm[line 76, column 26]
2018-05-23 21:58:45,481 - Left side (${versionFieldName}) of '==' operation has null value. If it is a reference, it may not be in the context or its toString() returned null. /templates/entity.java.vm[line 76, column 26]
2018-05-23 21:58:45,481 - Left side (${logicDeleteFieldName}) of '==' operation has null value. If it is a reference, it may not be in the context or its toString() returned null. /templates/entity.java.vm[line 80, column 30]
2018-05-23 21:58:45,481 - Left side (${logicDeleteFieldName}) of '==' operation has null value. If it is a reference, it may not be in the context or its toString() returned null. /templates/entity.java.vm[line 80, column 30]
2018-05-23 21:58:45,481 - Left side (${logicDeleteFieldName}) of '==' operation has null value. If it is a reference, it may not be in the context or its toString() returned null. /templates/entity.java.vm[line 80, column 30]
2018-05-23 21:58:45,481 - Left side (${versionFieldName}) of '==' operation has null value. If it is a reference, it may not be in the context or its toString() returned null. /templates/entity.java.vm[line 76, column 26]
2018-05-23 21:58:45,481 - Left side (${versionFieldName}) of '==' operation has null value. If it is a reference, it may not be in the context or its toString() returned null. /templates/entity.java.vm[line 76, column 26]
2018-05-23 21:58:45,481 - Left side (${versionFieldName}) of '==' operation has null value. If it is a reference, it may not be in the context or its toString() returned null. /templates/entity.java.vm[line 76, column 26]
2018-05-23 21:58:45,481 - Left side (${logicDeleteFieldName}) of '==' operation has null value. If it is a reference, it may not be in the context or its toString() returned null. /templates/entity.java.vm[line 80, column 30]
2018-05-23 21:58:45,481 - Left side (${logicDeleteFieldName}) of '==' operation has null value. If it is a reference, it may not be in the context or its toString() returned null. /templates/entity.java.vm[line 80, column 30]
2018-05-23 21:58:45,481 - Left side (${logicDeleteFieldName}) of '==' operation has null value. If it is a reference, it may not be in the context or its toString() returned null. /templates/entity.java.vm[line 80, column 30]
2018-05-23 21:58:45,482 - Left side (${versionFieldName}) of '==' operation has null value. If it is a reference, it may not be in the context or its toString() returned null. /templates/entity.java.vm[line 76, column 26]
2018-05-23 21:58:45,482 - Left side (${versionFieldName}) of '==' operation has null value. If it is a reference, it may not be in the context or its toString() returned null. /templates/entity.java.vm[line 76, column 26]
2018-05-23 21:58:45,482 - Left side (${versionFieldName}) of '==' operation has null value. If it is a reference, it may not be in the context or its toString() returned null. /templates/entity.java.vm[line 76, column 26]
2018-05-23 21:58:45,482 - Left side (${logicDeleteFieldName}) of '==' operation has null value. If it is a reference, it may not be in the context or its toString() returned null. /templates/entity.java.vm[line 80, column 30]
2018-05-23 21:58:45,482 - Left side (${logicDeleteFieldName}) of '==' operation has null value. If it is a reference, it may not be in the context or its toString() returned null. /templates/entity.java.vm[line 80, column 30]
2018-05-23 21:58:45,482 - Left side (${logicDeleteFieldName}) of '==' operation has null value. If it is a reference, it may not be in the context or its toString() returned null. /templates/entity.java.vm[line 80, column 30]
2018-05-23 21:58:45,482 - Left side (${versionFieldName}) of '==' operation has null value. If it is a reference, it may not be in the context or its toString() returned null. /templates/entity.java.vm[line 76, column 26]
2018-05-23 21:58:45,482 - Left side (${versionFieldName}) of '==' operation has null value. If it is a reference, it may not be in the context or its toString() returned null. /templates/entity.java.vm[line 76, column 26]
2018-05-23 21:58:45,482 - Left side (${versionFieldName}) of '==' operation has null value. If it is a reference, it may not be in the context or its toString() returned null. /templates/entity.java.vm[line 76, column 26]
2018-05-23 21:58:45,482 - Left side (${logicDeleteFieldName}) of '==' operation has null value. If it is a reference, it may not be in the context or its toString() returned null. /templates/entity.java.vm[line 80, column 30]
2018-05-23 21:58:45,482 - Left side (${logicDeleteFieldName}) of '==' operation has null value. If it is a reference, it may not be in the context or its toString() returned null. /templates/entity.java.vm[line 80, column 30]
2018-05-23 21:58:45,482 - Left side (${logicDeleteFieldName}) of '==' operation has null value. If it is a reference, it may not be in the context or its toString() returned null. /templates/entity.java.vm[line 80, column 30]
2018-05-23 21:58:45,483 - Left side (${versionFieldName}) of '==' operation has null value. If it is a reference, it may not be in the context or its toString() returned null. /templates/entity.java.vm[line 76, column 26]
2018-05-23 21:58:45,483 - Left side (${versionFieldName}) of '==' operation has null value. If it is a reference, it may not be in the context or its toString() returned null. /templates/entity.java.vm[line 76, column 26]
2018-05-23 21:58:45,483 - Left side (${versionFieldName}) of '==' operation has null value. If it is a reference, it may not be in the context or its toString() returned null. /templates/entity.java.vm[line 76, column 26]
2018-05-23 21:58:45,483 - Left side (${logicDeleteFieldName}) of '==' operation has null value. If it is a reference, it may not be in the context or its toString() returned null. /templates/entity.java.vm[line 80, column 30]
2018-05-23 21:58:45,483 - Left side (${logicDeleteFieldName}) of '==' operation has null value. If it is a reference, it may not be in the context or its toString() returned null. /templates/entity.java.vm[line 80, column 30]
2018-05-23 21:58:45,483 - Left side (${logicDeleteFieldName}) of '==' operation has null value. If it is a reference, it may not be in the context or its toString() returned null. /templates/entity.java.vm[line 80, column 30]
2018-05-23 21:58:45,483 - Left side (${versionFieldName}) of '==' operation has null value. If it is a reference, it may not be in the context or its toString() returned null. /templates/entity.java.vm[line 76, column 26]
2018-05-23 21:58:45,483 - Left side (${versionFieldName}) of '==' operation has null value. If it is a reference, it may not be in the context or its toString() returned null. /templates/entity.java.vm[line 76, column 26]
2018-05-23 21:58:45,483 - Left side (${versionFieldName}) of '==' operation has null value. If it is a reference, it may not be in the context or its toString() returned null. /templates/entity.java.vm[line 76, column 26]
2018-05-23 21:58:45,483 - Left side (${logicDeleteFieldName}) of '==' operation has null value. If it is a reference, it may not be in the context or its toString() returned null. /templates/entity.java.vm[line 80, column 30]
2018-05-23 21:58:45,483 - Left side (${logicDeleteFieldName}) of '==' operation has null value. If it is a reference, it may not be in the context or its toString() returned null. /templates/entity.java.vm[line 80, column 30]
2018-05-23 21:58:45,483 - Left side (${logicDeleteFieldName}) of '==' operation has null value. If it is a reference, it may not be in the context or its toString() returned null. /templates/entity.java.vm[line 80, column 30]
2018-05-23 21:58:45,486 - ResourceManager : found /templates/mapper.java.vm with loader org.apache.velocity.runtime.resource.loader.ClasspathResourceLoader
2018-05-23 21:58:45,486 - ResourceManager : found /templates/mapper.java.vm with loader org.apache.velocity.runtime.resource.loader.ClasspathResourceLoader
2018-05-23 21:58:45,486 - ResourceManager : found /templates/mapper.java.vm with loader org.apache.velocity.runtime.resource.loader.ClasspathResourceLoader
2018-05-23 21:58:45,489 - ResourceManager : found /templates/mapper.xml.vm with loader org.apache.velocity.runtime.resource.loader.ClasspathResourceLoader
2018-05-23 21:58:45,489 - ResourceManager : found /templates/mapper.xml.vm with loader org.apache.velocity.runtime.resource.loader.ClasspathResourceLoader
2018-05-23 21:58:45,489 - ResourceManager : found /templates/mapper.xml.vm with loader org.apache.velocity.runtime.resource.loader.ClasspathResourceLoader
2018-05-23 21:58:45,493 - ResourceManager : found /templates/service.java.vm with loader org.apache.velocity.runtime.resource.loader.ClasspathResourceLoader
2018-05-23 21:58:45,493 - ResourceManager : found /templates/service.java.vm with loader org.apache.velocity.runtime.resource.loader.ClasspathResourceLoader
2018-05-23 21:58:45,493 - ResourceManager : found /templates/service.java.vm with loader org.apache.velocity.runtime.resource.loader.ClasspathResourceLoader
2018-05-23 21:58:45,496 - ResourceManager : found /templates/serviceImpl.java.vm with loader org.apache.velocity.runtime.resource.loader.ClasspathResourceLoader
2018-05-23 21:58:45,496 - ResourceManager : found /templates/serviceImpl.java.vm with loader org.apache.velocity.runtime.resource.loader.ClasspathResourceLoader
2018-05-23 21:58:45,496 - ResourceManager : found /templates/serviceImpl.java.vm with loader org.apache.velocity.runtime.resource.loader.ClasspathResourceLoader
2018-05-23 21:58:45,500 - ResourceManager : found /templates/controller.java.vm with loader org.apache.velocity.runtime.resource.loader.ClasspathResourceLoader
2018-05-23 21:58:45,500 - ResourceManager : found /templates/controller.java.vm with loader org.apache.velocity.runtime.resource.loader.ClasspathResourceLoader
2018-05-23 21:58:45,500 - ResourceManager : found /templates/controller.java.vm with loader org.apache.velocity.runtime.resource.loader.ClasspathResourceLoader
2018-08-15 14:49:21,265 - Log4JLogChute initialized using file 'velocity.log'
2018-08-15 14:49:21,266 - Initializing Velocity, Calling init()...
2018-08-15 14:49:21,266 - Starting Apache Velocity v1.7 (compiled: 2010-11-19 12:14:37)
2018-08-15 14:49:21,266 - Default Properties File: org\apache\velocity\runtime\defaults\velocity.properties
2018-08-15 14:49:21,266 - Trying to use logger class org.apache.velocity.runtime.log.AvalonLogChute
2018-08-15 14:49:21,266 - Target log system for org.apache.velocity.runtime.log.AvalonLogChute is not available (java.lang.NoClassDefFoundError: org/apache/log/format/Formatter).  Falling back to next log system...
2018-08-15 14:49:21,266 - Trying to use logger class org.apache.velocity.runtime.log.Log4JLogChute
2018-08-15 14:49:21,266 - Using logger class org.apache.velocity.runtime.log.Log4JLogChute
2018-08-15 14:49:21,274 - ResourceLoader instantiated: org.apache.velocity.runtime.resource.loader.ClasspathResourceLoader
2018-08-15 14:49:21,293 - ResourceCache: initialized (class org.apache.velocity.runtime.resource.ResourceCacheImpl) with class java.util.Collections$SynchronizedMap cache map.
2018-08-15 14:49:21,295 - Loaded System Directive: org.apache.velocity.runtime.directive.Stop
2018-08-15 14:49:21,296 - Loaded System Directive: org.apache.velocity.runtime.directive.Define
2018-08-15 14:49:21,297 - Loaded System Directive: org.apache.velocity.runtime.directive.Break
2018-08-15 14:49:21,299 - Loaded System Directive: org.apache.velocity.runtime.directive.Evaluate
2018-08-15 14:49:21,300 - Loaded System Directive: org.apache.velocity.runtime.directive.Literal
2018-08-15 14:49:21,302 - Loaded System Directive: org.apache.velocity.runtime.directive.Macro
2018-08-15 14:49:21,304 - Loaded System Directive: org.apache.velocity.runtime.directive.Parse
2018-08-15 14:49:21,306 - Loaded System Directive: org.apache.velocity.runtime.directive.Include
2018-08-15 14:49:21,307 - Loaded System Directive: org.apache.velocity.runtime.directive.Foreach
2018-08-15 14:49:21,340 - Created '20' parsers.
2018-08-15 14:49:21,347 - Velocimacro : "velocimacro.library" is not set.  Trying default library: VM_global_library.vm
2018-08-15 14:49:21,349 - Could not load resource 'VM_global_library.vm' from ResourceLoader org.apache.velocity.runtime.resource.loader.ClasspathResourceLoader: ClasspathResourceLoader Error: cannot find resource VM_global_library.vm
2018-08-15 14:49:21,350 - Velocimacro : Default library not found.
2018-08-15 14:49:21,350 - Velocimacro : allowInline = true : VMs can be defined inline in templates
2018-08-15 14:49:21,350 - Velocimacro : allowInlineToOverride = false : VMs defined inline may NOT replace previous VM definitions
2018-08-15 14:49:21,350 - Velocimacro : allowInlineLocal = false : VMs defined inline will be global in scope if allowed.
2018-08-15 14:49:21,350 - Velocimacro : autoload off : VM system will not automatically reload global library macros
2018-08-15 14:49:21,386 - ResourceManager : found /templates/entity.java.vm with loader org.apache.velocity.runtime.resource.loader.ClasspathResourceLoader
2018-08-15 14:49:21,397 - Left side (${versionFieldName}) of '==' operation has null value. If it is a reference, it may not be in the context or its toString() returned null. /templates/entity.java.vm[line 76, column 26]
2018-08-15 14:49:21,398 - Left side (${logicDeleteFieldName}) of '==' operation has null value. If it is a reference, it may not be in the context or its toString() returned null. /templates/entity.java.vm[line 80, column 30]
2018-08-15 14:49:21,398 - Left side (${versionFieldName}) of '==' operation has null value. If it is a reference, it may not be in the context or its toString() returned null. /templates/entity.java.vm[line 76, column 26]
2018-08-15 14:49:21,398 - Left side (${logicDeleteFieldName}) of '==' operation has null value. If it is a reference, it may not be in the context or its toString() returned null. /templates/entity.java.vm[line 80, column 30]
2018-08-15 14:49:21,398 - Left side (${versionFieldName}) of '==' operation has null value. If it is a reference, it may not be in the context or its toString() returned null. /templates/entity.java.vm[line 76, column 26]
2018-08-15 14:49:21,398 - Left side (${logicDeleteFieldName}) of '==' operation has null value. If it is a reference, it may not be in the context or its toString() returned null. /templates/entity.java.vm[line 80, column 30]
2018-08-15 14:49:21,398 - Left side (${versionFieldName}) of '==' operation has null value. If it is a reference, it may not be in the context or its toString() returned null. /templates/entity.java.vm[line 76, column 26]
2018-08-15 14:49:21,398 - Left side (${logicDeleteFieldName}) of '==' operation has null value. If it is a reference, it may not be in the context or its toString() returned null. /templates/entity.java.vm[line 80, column 30]
2018-08-15 14:49:21,398 - Left side (${versionFieldName}) of '==' operation has null value. If it is a reference, it may not be in the context or its toString() returned null. /templates/entity.java.vm[line 76, column 26]
2018-08-15 14:49:21,398 - Left side (${logicDeleteFieldName}) of '==' operation has null value. If it is a reference, it may not be in the context or its toString() returned null. /templates/entity.java.vm[line 80, column 30]
2018-08-15 14:49:21,399 - Left side (${versionFieldName}) of '==' operation has null value. If it is a reference, it may not be in the context or its toString() returned null. /templates/entity.java.vm[line 76, column 26]
2018-08-15 14:49:21,399 - Left side (${logicDeleteFieldName}) of '==' operation has null value. If it is a reference, it may not be in the context or its toString() returned null. /templates/entity.java.vm[line 80, column 30]
2018-08-15 14:49:21,399 - Left side (${versionFieldName}) of '==' operation has null value. If it is a reference, it may not be in the context or its toString() returned null. /templates/entity.java.vm[line 76, column 26]
2018-08-15 14:49:21,399 - Left side (${logicDeleteFieldName}) of '==' operation has null value. If it is a reference, it may not be in the context or its toString() returned null. /templates/entity.java.vm[line 80, column 30]
2018-08-15 14:49:21,400 - Left side (${versionFieldName}) of '==' operation has null value. If it is a reference, it may not be in the context or its toString() returned null. /templates/entity.java.vm[line 76, column 26]
2018-08-15 14:49:21,400 - Left side (${logicDeleteFieldName}) of '==' operation has null value. If it is a reference, it may not be in the context or its toString() returned null. /templates/entity.java.vm[line 80, column 30]
2018-08-15 14:49:21,400 - Left side (${versionFieldName}) of '==' operation has null value. If it is a reference, it may not be in the context or its toString() returned null. /templates/entity.java.vm[line 76, column 26]
2018-08-15 14:49:21,400 - Left side (${logicDeleteFieldName}) of '==' operation has null value. If it is a reference, it may not be in the context or its toString() returned null. /templates/entity.java.vm[line 80, column 30]
2018-08-15 14:49:21,400 - Left side (${versionFieldName}) of '==' operation has null value. If it is a reference, it may not be in the context or its toString() returned null. /templates/entity.java.vm[line 76, column 26]
2018-08-15 14:49:21,400 - Left side (${logicDeleteFieldName}) of '==' operation has null value. If it is a reference, it may not be in the context or its toString() returned null. /templates/entity.java.vm[line 80, column 30]
2018-08-15 14:49:21,400 - Left side (${versionFieldName}) of '==' operation has null value. If it is a reference, it may not be in the context or its toString() returned null. /templates/entity.java.vm[line 76, column 26]
2018-08-15 14:49:21,400 - Left side (${logicDeleteFieldName}) of '==' operation has null value. If it is a reference, it may not be in the context or its toString() returned null. /templates/entity.java.vm[line 80, column 30]
2018-08-15 14:49:21,400 - Left side (${versionFieldName}) of '==' operation has null value. If it is a reference, it may not be in the context or its toString() returned null. /templates/entity.java.vm[line 76, column 26]
2018-08-15 14:49:21,400 - Left side (${logicDeleteFieldName}) of '==' operation has null value. If it is a reference, it may not be in the context or its toString() returned null. /templates/entity.java.vm[line 80, column 30]
2018-08-15 14:49:21,400 - Left side (${versionFieldName}) of '==' operation has null value. If it is a reference, it may not be in the context or its toString() returned null. /templates/entity.java.vm[line 76, column 26]
2018-08-15 14:49:21,400 - Left side (${logicDeleteFieldName}) of '==' operation has null value. If it is a reference, it may not be in the context or its toString() returned null. /templates/entity.java.vm[line 80, column 30]
2018-08-15 14:49:21,401 - Left side (${versionFieldName}) of '==' operation has null value. If it is a reference, it may not be in the context or its toString() returned null. /templates/entity.java.vm[line 76, column 26]
2018-08-15 14:49:21,401 - Left side (${logicDeleteFieldName}) of '==' operation has null value. If it is a reference, it may not be in the context or its toString() returned null. /templates/entity.java.vm[line 80, column 30]
2018-08-15 14:49:21,412 - ResourceManager : found /templates/mapper.java.vm with loader org.apache.velocity.runtime.resource.loader.ClasspathResourceLoader
2018-08-15 14:49:21,419 - ResourceManager : found /templates/mapper.xml.vm with loader org.apache.velocity.runtime.resource.loader.ClasspathResourceLoader
2018-08-15 14:49:21,426 - ResourceManager : found /templates/service.java.vm with loader org.apache.velocity.runtime.resource.loader.ClasspathResourceLoader
2018-08-15 14:49:21,430 - ResourceManager : found /templates/serviceImpl.java.vm with loader org.apache.velocity.runtime.resource.loader.ClasspathResourceLoader
2018-08-15 14:49:21,435 - ResourceManager : found /templates/controller.java.vm with loader org.apache.velocity.runtime.resource.loader.ClasspathResourceLoader
2018-08-15 14:53:22,682 - Log4JLogChute initialized using file 'velocity.log'
2018-08-15 14:53:22,682 - Log4JLogChute initialized using file 'velocity.log'
2018-08-15 14:53:22,684 - Initializing Velocity, Calling init()...
2018-08-15 14:53:22,684 - Initializing Velocity, Calling init()...
2018-08-15 14:53:22,684 - Starting Apache Velocity v1.7 (compiled: 2010-11-19 12:14:37)
2018-08-15 14:53:22,684 - Starting Apache Velocity v1.7 (compiled: 2010-11-19 12:14:37)
2018-08-15 14:53:22,684 - Default Properties File: org\apache\velocity\runtime\defaults\velocity.properties
2018-08-15 14:53:22,684 - Default Properties File: org\apache\velocity\runtime\defaults\velocity.properties
2018-08-15 14:53:22,684 - Trying to use logger class org.apache.velocity.runtime.log.AvalonLogChute
2018-08-15 14:53:22,684 - Trying to use logger class org.apache.velocity.runtime.log.AvalonLogChute
2018-08-15 14:53:22,684 - Target log system for org.apache.velocity.runtime.log.AvalonLogChute is not available (java.lang.NoClassDefFoundError: org/apache/log/format/Formatter).  Falling back to next log system...
2018-08-15 14:53:22,684 - Target log system for org.apache.velocity.runtime.log.AvalonLogChute is not available (java.lang.NoClassDefFoundError: org/apache/log/format/Formatter).  Falling back to next log system...
2018-08-15 14:53:22,684 - Trying to use logger class org.apache.velocity.runtime.log.Log4JLogChute
2018-08-15 14:53:22,684 - Trying to use logger class org.apache.velocity.runtime.log.Log4JLogChute
2018-08-15 14:53:22,684 - Using logger class org.apache.velocity.runtime.log.Log4JLogChute
2018-08-15 14:53:22,684 - Using logger class org.apache.velocity.runtime.log.Log4JLogChute
2018-08-15 14:53:22,684 - ResourceLoader instantiated: org.apache.velocity.runtime.resource.loader.ClasspathResourceLoader
2018-08-15 14:53:22,684 - ResourceLoader instantiated: org.apache.velocity.runtime.resource.loader.ClasspathResourceLoader
2018-08-15 14:53:22,684 - ResourceCache: initialized (class org.apache.velocity.runtime.resource.ResourceCacheImpl) with class java.util.Collections$SynchronizedMap cache map.
2018-08-15 14:53:22,684 - ResourceCache: initialized (class org.apache.velocity.runtime.resource.ResourceCacheImpl) with class java.util.Collections$SynchronizedMap cache map.
2018-08-15 14:53:22,685 - Loaded System Directive: org.apache.velocity.runtime.directive.Stop
2018-08-15 14:53:22,685 - Loaded System Directive: org.apache.velocity.runtime.directive.Stop
2018-08-15 14:53:22,685 - Loaded System Directive: org.apache.velocity.runtime.directive.Define
2018-08-15 14:53:22,685 - Loaded System Directive: org.apache.velocity.runtime.directive.Define
2018-08-15 14:53:22,685 - Loaded System Directive: org.apache.velocity.runtime.directive.Break
2018-08-15 14:53:22,685 - Loaded System Directive: org.apache.velocity.runtime.directive.Break
2018-08-15 14:53:22,685 - Loaded System Directive: org.apache.velocity.runtime.directive.Evaluate
2018-08-15 14:53:22,685 - Loaded System Directive: org.apache.velocity.runtime.directive.Evaluate
2018-08-15 14:53:22,685 - Loaded System Directive: org.apache.velocity.runtime.directive.Literal
2018-08-15 14:53:22,685 - Loaded System Directive: org.apache.velocity.runtime.directive.Literal
2018-08-15 14:53:22,685 - Loaded System Directive: org.apache.velocity.runtime.directive.Macro
2018-08-15 14:53:22,685 - Loaded System Directive: org.apache.velocity.runtime.directive.Macro
2018-08-15 14:53:22,685 - Loaded System Directive: org.apache.velocity.runtime.directive.Parse
2018-08-15 14:53:22,685 - Loaded System Directive: org.apache.velocity.runtime.directive.Parse
2018-08-15 14:53:22,686 - Loaded System Directive: org.apache.velocity.runtime.directive.Include
2018-08-15 14:53:22,686 - Loaded System Directive: org.apache.velocity.runtime.directive.Include
2018-08-15 14:53:22,686 - Loaded System Directive: org.apache.velocity.runtime.directive.Foreach
2018-08-15 14:53:22,686 - Loaded System Directive: org.apache.velocity.runtime.directive.Foreach
2018-08-15 14:53:22,688 - Created '20' parsers.
2018-08-15 14:53:22,688 - Created '20' parsers.
2018-08-15 14:53:22,689 - Velocimacro : "velocimacro.library" is not set.  Trying default library: VM_global_library.vm
2018-08-15 14:53:22,689 - Velocimacro : "velocimacro.library" is not set.  Trying default library: VM_global_library.vm
2018-08-15 14:53:22,690 - Could not load resource 'VM_global_library.vm' from ResourceLoader org.apache.velocity.runtime.resource.loader.ClasspathResourceLoader: ClasspathResourceLoader Error: cannot find resource VM_global_library.vm
2018-08-15 14:53:22,690 - Could not load resource 'VM_global_library.vm' from ResourceLoader org.apache.velocity.runtime.resource.loader.ClasspathResourceLoader: ClasspathResourceLoader Error: cannot find resource VM_global_library.vm
2018-08-15 14:53:22,690 - Velocimacro : Default library not found.
2018-08-15 14:53:22,690 - Velocimacro : Default library not found.
2018-08-15 14:53:22,691 - Velocimacro : allowInline = true : VMs can be defined inline in templates
2018-08-15 14:53:22,691 - Velocimacro : allowInline = true : VMs can be defined inline in templates
2018-08-15 14:53:22,692 - Velocimacro : allowInlineToOverride = false : VMs defined inline may NOT replace previous VM definitions
2018-08-15 14:53:22,692 - Velocimacro : allowInlineToOverride = false : VMs defined inline may NOT replace previous VM definitions
2018-08-15 14:53:22,692 - Velocimacro : allowInlineLocal = false : VMs defined inline will be global in scope if allowed.
2018-08-15 14:53:22,692 - Velocimacro : allowInlineLocal = false : VMs defined inline will be global in scope if allowed.
2018-08-15 14:53:22,692 - Velocimacro : autoload off : VM system will not automatically reload global library macros
2018-08-15 14:53:22,692 - Velocimacro : autoload off : VM system will not automatically reload global library macros
2018-08-15 14:53:22,714 - ResourceManager : found /templates/entity.java.vm with loader org.apache.velocity.runtime.resource.loader.ClasspathResourceLoader
2018-08-15 14:53:22,714 - ResourceManager : found /templates/entity.java.vm with loader org.apache.velocity.runtime.resource.loader.ClasspathResourceLoader
2018-08-15 14:53:22,717 - Left side (${versionFieldName}) of '==' operation has null value. If it is a reference, it may not be in the context or its toString() returned null. /templates/entity.java.vm[line 76, column 26]
2018-08-15 14:53:22,717 - Left side (${versionFieldName}) of '==' operation has null value. If it is a reference, it may not be in the context or its toString() returned null. /templates/entity.java.vm[line 76, column 26]
2018-08-15 14:53:22,717 - Left side (${logicDeleteFieldName}) of '==' operation has null value. If it is a reference, it may not be in the context or its toString() returned null. /templates/entity.java.vm[line 80, column 30]
2018-08-15 14:53:22,717 - Left side (${logicDeleteFieldName}) of '==' operation has null value. If it is a reference, it may not be in the context or its toString() returned null. /templates/entity.java.vm[line 80, column 30]
2018-08-15 14:53:22,717 - Left side (${versionFieldName}) of '==' operation has null value. If it is a reference, it may not be in the context or its toString() returned null. /templates/entity.java.vm[line 76, column 26]
2018-08-15 14:53:22,717 - Left side (${versionFieldName}) of '==' operation has null value. If it is a reference, it may not be in the context or its toString() returned null. /templates/entity.java.vm[line 76, column 26]
2018-08-15 14:53:22,717 - Left side (${logicDeleteFieldName}) of '==' operation has null value. If it is a reference, it may not be in the context or its toString() returned null. /templates/entity.java.vm[line 80, column 30]
2018-08-15 14:53:22,717 - Left side (${logicDeleteFieldName}) of '==' operation has null value. If it is a reference, it may not be in the context or its toString() returned null. /templates/entity.java.vm[line 80, column 30]
2018-08-15 14:53:22,717 - Left side (${versionFieldName}) of '==' operation has null value. If it is a reference, it may not be in the context or its toString() returned null. /templates/entity.java.vm[line 76, column 26]
2018-08-15 14:53:22,717 - Left side (${versionFieldName}) of '==' operation has null value. If it is a reference, it may not be in the context or its toString() returned null. /templates/entity.java.vm[line 76, column 26]
2018-08-15 14:53:22,717 - Left side (${logicDeleteFieldName}) of '==' operation has null value. If it is a reference, it may not be in the context or its toString() returned null. /templates/entity.java.vm[line 80, column 30]
2018-08-15 14:53:22,717 - Left side (${logicDeleteFieldName}) of '==' operation has null value. If it is a reference, it may not be in the context or its toString() returned null. /templates/entity.java.vm[line 80, column 30]
2018-08-15 14:53:22,718 - Left side (${versionFieldName}) of '==' operation has null value. If it is a reference, it may not be in the context or its toString() returned null. /templates/entity.java.vm[line 76, column 26]
2018-08-15 14:53:22,718 - Left side (${versionFieldName}) of '==' operation has null value. If it is a reference, it may not be in the context or its toString() returned null. /templates/entity.java.vm[line 76, column 26]
2018-08-15 14:53:22,718 - Left side (${logicDeleteFieldName}) of '==' operation has null value. If it is a reference, it may not be in the context or its toString() returned null. /templates/entity.java.vm[line 80, column 30]
2018-08-15 14:53:22,718 - Left side (${logicDeleteFieldName}) of '==' operation has null value. If it is a reference, it may not be in the context or its toString() returned null. /templates/entity.java.vm[line 80, column 30]
2018-08-15 14:53:22,718 - Left side (${versionFieldName}) of '==' operation has null value. If it is a reference, it may not be in the context or its toString() returned null. /templates/entity.java.vm[line 76, column 26]
2018-08-15 14:53:22,718 - Left side (${versionFieldName}) of '==' operation has null value. If it is a reference, it may not be in the context or its toString() returned null. /templates/entity.java.vm[line 76, column 26]
2018-08-15 14:53:22,718 - Left side (${logicDeleteFieldName}) of '==' operation has null value. If it is a reference, it may not be in the context or its toString() returned null. /templates/entity.java.vm[line 80, column 30]
2018-08-15 14:53:22,718 - Left side (${logicDeleteFieldName}) of '==' operation has null value. If it is a reference, it may not be in the context or its toString() returned null. /templates/entity.java.vm[line 80, column 30]
2018-08-15 14:53:22,718 - Left side (${versionFieldName}) of '==' operation has null value. If it is a reference, it may not be in the context or its toString() returned null. /templates/entity.java.vm[line 76, column 26]
2018-08-15 14:53:22,718 - Left side (${versionFieldName}) of '==' operation has null value. If it is a reference, it may not be in the context or its toString() returned null. /templates/entity.java.vm[line 76, column 26]
2018-08-15 14:53:22,718 - Left side (${logicDeleteFieldName}) of '==' operation has null value. If it is a reference, it may not be in the context or its toString() returned null. /templates/entity.java.vm[line 80, column 30]
2018-08-15 14:53:22,718 - Left side (${logicDeleteFieldName}) of '==' operation has null value. If it is a reference, it may not be in the context or its toString() returned null. /templates/entity.java.vm[line 80, column 30]
2018-08-15 14:53:22,718 - Left side (${versionFieldName}) of '==' operation has null value. If it is a reference, it may not be in the context or its toString() returned null. /templates/entity.java.vm[line 76, column 26]
2018-08-15 14:53:22,718 - Left side (${versionFieldName}) of '==' operation has null value. If it is a reference, it may not be in the context or its toString() returned null. /templates/entity.java.vm[line 76, column 26]
2018-08-15 14:53:22,718 - Left side (${logicDeleteFieldName}) of '==' operation has null value. If it is a reference, it may not be in the context or its toString() returned null. /templates/entity.java.vm[line 80, column 30]
2018-08-15 14:53:22,718 - Left side (${logicDeleteFieldName}) of '==' operation has null value. If it is a reference, it may not be in the context or its toString() returned null. /templates/entity.java.vm[line 80, column 30]
2018-08-15 14:53:22,718 - Left side (${versionFieldName}) of '==' operation has null value. If it is a reference, it may not be in the context or its toString() returned null. /templates/entity.java.vm[line 76, column 26]
2018-08-15 14:53:22,718 - Left side (${versionFieldName}) of '==' operation has null value. If it is a reference, it may not be in the context or its toString() returned null. /templates/entity.java.vm[line 76, column 26]
2018-08-15 14:53:22,718 - Left side (${logicDeleteFieldName}) of '==' operation has null value. If it is a reference, it may not be in the context or its toString() returned null. /templates/entity.java.vm[line 80, column 30]
2018-08-15 14:53:22,718 - Left side (${logicDeleteFieldName}) of '==' operation has null value. If it is a reference, it may not be in the context or its toString() returned null. /templates/entity.java.vm[line 80, column 30]
2018-08-15 14:53:22,718 - Left side (${versionFieldName}) of '==' operation has null value. If it is a reference, it may not be in the context or its toString() returned null. /templates/entity.java.vm[line 76, column 26]
2018-08-15 14:53:22,718 - Left side (${versionFieldName}) of '==' operation has null value. If it is a reference, it may not be in the context or its toString() returned null. /templates/entity.java.vm[line 76, column 26]
2018-08-15 14:53:22,719 - Left side (${logicDeleteFieldName}) of '==' operation has null value. If it is a reference, it may not be in the context or its toString() returned null. /templates/entity.java.vm[line 80, column 30]
2018-08-15 14:53:22,719 - Left side (${logicDeleteFieldName}) of '==' operation has null value. If it is a reference, it may not be in the context or its toString() returned null. /templates/entity.java.vm[line 80, column 30]
2018-08-15 14:53:22,719 - Left side (${versionFieldName}) of '==' operation has null value. If it is a reference, it may not be in the context or its toString() returned null. /templates/entity.java.vm[line 76, column 26]
2018-08-15 14:53:22,719 - Left side (${versionFieldName}) of '==' operation has null value. If it is a reference, it may not be in the context or its toString() returned null. /templates/entity.java.vm[line 76, column 26]
2018-08-15 14:53:22,719 - Left side (${logicDeleteFieldName}) of '==' operation has null value. If it is a reference, it may not be in the context or its toString() returned null. /templates/entity.java.vm[line 80, column 30]
2018-08-15 14:53:22,719 - Left side (${logicDeleteFieldName}) of '==' operation has null value. If it is a reference, it may not be in the context or its toString() returned null. /templates/entity.java.vm[line 80, column 30]
2018-08-15 14:53:22,719 - Left side (${versionFieldName}) of '==' operation has null value. If it is a reference, it may not be in the context or its toString() returned null. /templates/entity.java.vm[line 76, column 26]
2018-08-15 14:53:22,719 - Left side (${versionFieldName}) of '==' operation has null value. If it is a reference, it may not be in the context or its toString() returned null. /templates/entity.java.vm[line 76, column 26]
2018-08-15 14:53:22,719 - Left side (${logicDeleteFieldName}) of '==' operation has null value. If it is a reference, it may not be in the context or its toString() returned null. /templates/entity.java.vm[line 80, column 30]
2018-08-15 14:53:22,719 - Left side (${logicDeleteFieldName}) of '==' operation has null value. If it is a reference, it may not be in the context or its toString() returned null. /templates/entity.java.vm[line 80, column 30]
2018-08-15 14:53:22,719 - Left side (${versionFieldName}) of '==' operation has null value. If it is a reference, it may not be in the context or its toString() returned null. /templates/entity.java.vm[line 76, column 26]
2018-08-15 14:53:22,719 - Left side (${versionFieldName}) of '==' operation has null value. If it is a reference, it may not be in the context or its toString() returned null. /templates/entity.java.vm[line 76, column 26]
2018-08-15 14:53:22,719 - Left side (${logicDeleteFieldName}) of '==' operation has null value. If it is a reference, it may not be in the context or its toString() returned null. /templates/entity.java.vm[line 80, column 30]
2018-08-15 14:53:22,719 - Left side (${logicDeleteFieldName}) of '==' operation has null value. If it is a reference, it may not be in the context or its toString() returned null. /templates/entity.java.vm[line 80, column 30]
2018-08-15 14:53:22,719 - Left side (${versionFieldName}) of '==' operation has null value. If it is a reference, it may not be in the context or its toString() returned null. /templates/entity.java.vm[line 76, column 26]
2018-08-15 14:53:22,719 - Left side (${versionFieldName}) of '==' operation has null value. If it is a reference, it may not be in the context or its toString() returned null. /templates/entity.java.vm[line 76, column 26]
2018-08-15 14:53:22,719 - Left side (${logicDeleteFieldName}) of '==' operation has null value. If it is a reference, it may not be in the context or its toString() returned null. /templates/entity.java.vm[line 80, column 30]
2018-08-15 14:53:22,719 - Left side (${logicDeleteFieldName}) of '==' operation has null value. If it is a reference, it may not be in the context or its toString() returned null. /templates/entity.java.vm[line 80, column 30]
2018-08-15 14:53:22,719 - Left side (${versionFieldName}) of '==' operation has null value. If it is a reference, it may not be in the context or its toString() returned null. /templates/entity.java.vm[line 76, column 26]
2018-08-15 14:53:22,719 - Left side (${versionFieldName}) of '==' operation has null value. If it is a reference, it may not be in the context or its toString() returned null. /templates/entity.java.vm[line 76, column 26]
2018-08-15 14:53:22,719 - Left side (${logicDeleteFieldName}) of '==' operation has null value. If it is a reference, it may not be in the context or its toString() returned null. /templates/entity.java.vm[line 80, column 30]
2018-08-15 14:53:22,719 - Left side (${logicDeleteFieldName}) of '==' operation has null value. If it is a reference, it may not be in the context or its toString() returned null. /templates/entity.java.vm[line 80, column 30]
2018-08-15 14:53:22,723 - ResourceManager : found /templates/mapper.java.vm with loader org.apache.velocity.runtime.resource.loader.ClasspathResourceLoader
2018-08-15 14:53:22,723 - ResourceManager : found /templates/mapper.java.vm with loader org.apache.velocity.runtime.resource.loader.ClasspathResourceLoader
2018-08-15 14:53:22,728 - ResourceManager : found /templates/mapper.xml.vm with loader org.apache.velocity.runtime.resource.loader.ClasspathResourceLoader
2018-08-15 14:53:22,728 - ResourceManager : found /templates/mapper.xml.vm with loader org.apache.velocity.runtime.resource.loader.ClasspathResourceLoader
2018-08-15 14:53:22,732 - ResourceManager : found /templates/service.java.vm with loader org.apache.velocity.runtime.resource.loader.ClasspathResourceLoader
2018-08-15 14:53:22,732 - ResourceManager : found /templates/service.java.vm with loader org.apache.velocity.runtime.resource.loader.ClasspathResourceLoader
2018-08-15 14:53:22,738 - ResourceManager : found /templates/serviceImpl.java.vm with loader org.apache.velocity.runtime.resource.loader.ClasspathResourceLoader
2018-08-15 14:53:22,738 - ResourceManager : found /templates/serviceImpl.java.vm with loader org.apache.velocity.runtime.resource.loader.ClasspathResourceLoader
2018-08-15 14:53:22,744 - ResourceManager : found /templates/controller.java.vm with loader org.apache.velocity.runtime.resource.loader.ClasspathResourceLoader
2018-08-15 14:53:22,744 - ResourceManager : found /templates/controller.java.vm with loader org.apache.velocity.runtime.resource.loader.ClasspathResourceLoader
2018-08-27 13:52:58,415 - Log4JLogChute initialized using file 'velocity.log'
2018-08-27 13:52:58,416 - Initializing Velocity, Calling init()...
2018-08-27 13:52:58,416 - Starting Apache Velocity v1.7 (compiled: 2010-11-19 12:14:37)
2018-08-27 13:52:58,416 - Default Properties File: org\apache\velocity\runtime\defaults\velocity.properties
2018-08-27 13:52:58,416 - Trying to use logger class org.apache.velocity.runtime.log.AvalonLogChute
2018-08-27 13:52:58,416 - Target log system for org.apache.velocity.runtime.log.AvalonLogChute is not available (java.lang.NoClassDefFoundError: org/apache/log/format/Formatter).  Falling back to next log system...
2018-08-27 13:52:58,416 - Trying to use logger class org.apache.velocity.runtime.log.Log4JLogChute
2018-08-27 13:52:58,416 - Using logger class org.apache.velocity.runtime.log.Log4JLogChute
2018-08-27 13:52:58,422 - ResourceLoader instantiated: org.apache.velocity.runtime.resource.loader.ClasspathResourceLoader
2018-08-27 13:52:58,439 - ResourceCache: initialized (class org.apache.velocity.runtime.resource.ResourceCacheImpl) with class java.util.Collections$SynchronizedMap cache map.
2018-08-27 13:52:58,441 - Loaded System Directive: org.apache.velocity.runtime.directive.Stop
2018-08-27 13:52:58,444 - Loaded System Directive: org.apache.velocity.runtime.directive.Define
2018-08-27 13:52:58,445 - Loaded System Directive: org.apache.velocity.runtime.directive.Break
2018-08-27 13:52:58,446 - Loaded System Directive: org.apache.velocity.runtime.directive.Evaluate
2018-08-27 13:52:58,447 - Loaded System Directive: org.apache.velocity.runtime.directive.Literal
2018-08-27 13:52:58,449 - Loaded System Directive: org.apache.velocity.runtime.directive.Macro
2018-08-27 13:52:58,452 - Loaded System Directive: org.apache.velocity.runtime.directive.Parse
2018-08-27 13:52:58,454 - Loaded System Directive: org.apache.velocity.runtime.directive.Include
2018-08-27 13:52:58,455 - Loaded System Directive: org.apache.velocity.runtime.directive.Foreach
2018-08-27 13:52:58,530 - Created '20' parsers.
2018-08-27 13:52:58,544 - Velocimacro : "velocimacro.library" is not set.  Trying default library: VM_global_library.vm
2018-08-27 13:52:58,546 - Could not load resource 'VM_global_library.vm' from ResourceLoader org.apache.velocity.runtime.resource.loader.ClasspathResourceLoader: ClasspathResourceLoader Error: cannot find resource VM_global_library.vm
2018-08-27 13:52:58,546 - Velocimacro : Default library not found.
2018-08-27 13:52:58,546 - Velocimacro : allowInline = true : VMs can be defined inline in templates
2018-08-27 13:52:58,546 - Velocimacro : allowInlineToOverride = false : VMs defined inline may NOT replace previous VM definitions
2018-08-27 13:52:58,546 - Velocimacro : allowInlineLocal = false : VMs defined inline will be global in scope if allowed.
2018-08-27 13:52:58,546 - Velocimacro : autoload off : VM system will not automatically reload global library macros
2018-08-27 13:52:58,603 - ResourceManager : found /templates/entity.java.vm with loader org.apache.velocity.runtime.resource.loader.ClasspathResourceLoader
2018-08-27 13:52:58,625 - Left side (${versionFieldName}) of '==' operation has null value. If it is a reference, it may not be in the context or its toString() returned null. /templates/entity.java.vm[line 76, column 26]
2018-08-27 13:52:58,626 - Left side (${logicDeleteFieldName}) of '==' operation has null value. If it is a reference, it may not be in the context or its toString() returned null. /templates/entity.java.vm[line 80, column 30]
2018-08-27 13:52:58,626 - Left side (${versionFieldName}) of '==' operation has null value. If it is a reference, it may not be in the context or its toString() returned null. /templates/entity.java.vm[line 76, column 26]
2018-08-27 13:52:58,627 - Left side (${logicDeleteFieldName}) of '==' operation has null value. If it is a reference, it may not be in the context or its toString() returned null. /templates/entity.java.vm[line 80, column 30]
2018-08-27 13:52:58,640 - ResourceManager : found /templates/mapper.java.vm with loader org.apache.velocity.runtime.resource.loader.ClasspathResourceLoader
2018-08-27 13:52:58,644 - ResourceManager : found /templates/service.java.vm with loader org.apache.velocity.runtime.resource.loader.ClasspathResourceLoader
2018-08-27 13:52:58,650 - ResourceManager : found /templates/serviceImpl.java.vm with loader org.apache.velocity.runtime.resource.loader.ClasspathResourceLoader
2018-08-27 13:52:58,655 - ResourceManager : found /templates/controller.java.vm with loader org.apache.velocity.runtime.resource.loader.ClasspathResourceLoader
2018-08-27 13:52:58,662 - ResourceManager : found /templates/mapper.xml.vm with loader org.apache.velocity.runtime.resource.loader.ClasspathResourceLoader
